<?xml version="1.0" encoding="utf-8"?>
<TestRun id="b1bc2acd-bdd8-44b1-91a2-2802b21be6db" name="AHMED@TOF_PROG 2024-03-07 22:48:38" runUser="TOF_PROG\AHMED" xmlns="http://microsoft.com/schemas/VisualStudio/TeamTest/2010">
  <Times creation="2024-03-07T22:48:38.1223722+02:00" queuing="2024-03-07T22:48:38.1223725+02:00" start="2024-03-07T22:48:36.7188793+02:00" finish="2024-03-07T22:48:38.1297146+02:00" />
  <TestSettings name="default" id="0c0dd3f0-5249-4d75-8aae-e91702f4e703">
    <Deployment runDeploymentRoot="AHMED_TOF_PROG_2024-03-07_22_48_38" />
  </TestSettings>
  <Results>
    <UnitTestResult executionId="3cedc392-3d9f-4e64-9ca3-63a92a1f4198" testId="ac95cb08-7ad1-4d5b-90ec-132670c18038" testName="TestMethod1" computerName="TOF_PROG" duration="00:00:00.0113863" startTime="2024-03-07T22:48:37.8827691+02:00" endTime="2024-03-07T22:48:37.9310890+02:00" testType="13cdc9d9-ddb5-4fa4-a97d-d965ccfc6d4b" outcome="Passed" testListId="8c84fa94-04c1-424b-9868-57a2d4851a1d" relativeResultsDirectory="3cedc392-3d9f-4e64-9ca3-63a92a1f4198" />
  </Results>
  <TestDefinitions>
    <UnitTest name="TestMethod1" storage="e:\jenkinsintegration\jenkinsintegration.tests\bin\debug\netcoreapp2.1\jenkinsintegration.tests.dll" id="ac95cb08-7ad1-4d5b-90ec-132670c18038">
      <Execution id="3cedc392-3d9f-4e64-9ca3-63a92a1f4198" />
      <TestMethod codeBase="E:\JenkinsIntegration\JenkinsIntegration.Tests\bin\Debug\netcoreapp2.1\JenkinsIntegration.Tests.dll" adapterTypeName="executor://mstestadapter/v2" className="JenkinsIntegration.Tests.JenkinsTests" name="TestMethod1" />
    </UnitTest>
  </TestDefinitions>
  <TestEntries>
    <TestEntry testId="ac95cb08-7ad1-4d5b-90ec-132670c18038" executionId="3cedc392-3d9f-4e64-9ca3-63a92a1f4198" testListId="8c84fa94-04c1-424b-9868-57a2d4851a1d" />
  </TestEntries>
  <TestLists>
    <TestList name="Results Not in a List" id="8c84fa94-04c1-424b-9868-57a2d4851a1d" />
    <TestList name="All Loaded Results" id="19431567-8539-422a-85d7-44ee4e166bda" />
  </TestLists>
  <ResultSummary outcome="Completed">
    <Counters total="1" executed="1" passed="1" failed="0" error="0" timeout="0" aborted="0" inconclusive="0" passedButRunAborted="0" notRunnable="0" notExecuted="0" disconnected="0" warning="0" completed="0" inProgress="0" pending="0" />
  </ResultSummary>
</TestRun>