<?xml version="1.0" encoding="utf-8"?>
<TestRun id="d3a772ca-1f1c-4996-b253-5da97da5ac23" name="AHMED@TOF_PROG 2024-03-07 20:38:28" runUser="TOF_PROG\AHMED" xmlns="http://microsoft.com/schemas/VisualStudio/TeamTest/2010">
  <Times creation="2024-03-07T20:38:28.7353452+02:00" queuing="2024-03-07T20:38:28.7353455+02:00" start="2024-03-07T20:38:27.4479355+02:00" finish="2024-03-07T20:38:28.7424077+02:00" />
  <TestSettings name="default" id="8b697a3d-560d-4c77-849f-b77e44027613">
    <Deployment runDeploymentRoot="AHMED_TOF_PROG_2024-03-07_20_38_28" />
  </TestSettings>
  <Results>
    <UnitTestResult executionId="6956dab6-c14b-4488-bf64-4059d61205c8" testId="ac95cb08-7ad1-4d5b-90ec-132670c18038" testName="TestMethod1" computerName="TOF_PROG" duration="00:00:00.0089887" startTime="2024-03-07T20:38:28.4558109+02:00" endTime="2024-03-07T20:38:28.5015857+02:00" testType="13cdc9d9-ddb5-4fa4-a97d-d965ccfc6d4b" outcome="Passed" testListId="8c84fa94-04c1-424b-9868-57a2d4851a1d" relativeResultsDirectory="6956dab6-c14b-4488-bf64-4059d61205c8" />
  </Results>
  <TestDefinitions>
    <UnitTest name="TestMethod1" storage="c:\users\ahmed\source\repos\getting-started-with-jenkins\jenkinsintegration\jenkinsintegration.tests\bin\debug\netcoreapp2.1\jenkinsintegration.tests.dll" id="ac95cb08-7ad1-4d5b-90ec-132670c18038">
      <Execution id="6956dab6-c14b-4488-bf64-4059d61205c8" />
      <TestMethod codeBase="C:\Users\AHMED\source\repos\Getting-Started-With-Jenkins\JenkinsIntegration\JenkinsIntegration.Tests\bin\Debug\netcoreapp2.1\JenkinsIntegration.Tests.dll" adapterTypeName="executor://mstestadapter/v2" className="JenkinsIntegration.Tests.JenkinsTests" name="TestMethod1" />
    </UnitTest>
  </TestDefinitions>
  <TestEntries>
    <TestEntry testId="ac95cb08-7ad1-4d5b-90ec-132670c18038" executionId="6956dab6-c14b-4488-bf64-4059d61205c8" testListId="8c84fa94-04c1-424b-9868-57a2d4851a1d" />
  </TestEntries>
  <TestLists>
    <TestList name="Results Not in a List" id="8c84fa94-04c1-424b-9868-57a2d4851a1d" />
    <TestList name="All Loaded Results" id="19431567-8539-422a-85d7-44ee4e166bda" />
  </TestLists>
  <ResultSummary outcome="Completed">
    <Counters total="1" executed="1" passed="1" failed="0" error="0" timeout="0" aborted="0" inconclusive="0" passedButRunAborted="0" notRunnable="0" notExecuted="0" disconnected="0" warning="0" completed="0" inProgress="0" pending="0" />
  </ResultSummary>
</TestRun>